<?xml version="1.0" encoding="UTF-8"?>
<!-- Generated by org.testng.reporters.JUnitReportReporter -->
<testsuite hostname="L99841250" failures="0" tests="1" name="com.herokuapp.theinternet.PositiveTests" time="14.275" errors="0" timestamp="2022-08-31T18:48:52 AEST" skipped="0">
  <testcase classname="com.herokuapp.theinternet.PositiveTests" name="logintest" time="14.275"/>
  <system-out/>
</testsuite> <!-- com.herokuapp.theinternet.PositiveTests -->
