<?xml version="1.0" encoding="UTF-8"?>
<!-- Generated by org.testng.reporters.JUnitReportReporter -->
<testsuite hostname="L99841250" failures="0" tests="1" name="com.herokuapp.theinternet.ExceptionsTests" time="9.484" errors="0" timestamp="2022-09-02T14:35:30 AEST" skipped="0">
  <testcase classname="com.herokuapp.theinternet.ExceptionsTests" name="challengeTest" time="9.484"/>
  <system-out/>
</testsuite> <!-- com.herokuapp.theinternet.ExceptionsTests -->
