<?xml version="1.0" encoding="UTF-8"?>
<!-- Generated by org.testng.reporters.JUnitReportReporter -->
<testsuite hostname="L99841250" failures="0" tests="2" name="com.herokuapp.theinternet.NegativeTests" time="22.163" errors="0" timestamp="2022-09-01T16:29:04 AEST" skipped="0">
  <testcase classname="com.herokuapp.theinternet.NegativeTests" name="negativeLoginTest" time="12.849"/>
  <system-out/>
  <testcase classname="com.herokuapp.theinternet.NegativeTests" name="negativeLoginTest" time="9.314"/>
  <system-out/>
</testsuite> <!-- com.herokuapp.theinternet.NegativeTests -->
